<?xml version="1.0" encoding="UTF-8"?>
<testsuite xmlns:xsi="http://www.w3.org/2001/XMLSchema-instance" xsi:noNamespaceSchemaLocation="https://maven.apache.org/surefire/maven-surefire-plugin/xsd/surefire-test-report-3.0.xsd" version="3.0" name="com.example.FizzBuzzProcessorTest" time="0.352" tests="21" errors="0" skipped="0" failures="0">
  <properties>
    <property name="java.specification.version" value="21"/>
    <property name="sun.jnu.encoding" value="UTF-8"/>
    <property name="java.class.path" value="/Users/nur/Desktop/Software Testing and Debugging/TW/TW2/TW2-FizzBuzzProcessor/target/test-classes:/Users/nur/Desktop/Software Testing and Debugging/TW/TW2/TW2-FizzBuzzProcessor/target/classes:/Users/nur/.m2/repository/org/junit/jupiter/junit-jupiter-api/5.10.2/junit-jupiter-api-5.10.2.jar:/Users/nur/.m2/repository/org/opentest4j/opentest4j/1.3.0/opentest4j-1.3.0.jar:/Users/nur/.m2/repository/org/junit/platform/junit-platform-commons/1.10.2/junit-platform-commons-1.10.2.jar:/Users/nur/.m2/repository/org/apiguardian/apiguardian-api/1.1.2/apiguardian-api-1.1.2.jar:/Users/nur/.m2/repository/org/junit/jupiter/junit-jupiter-params/5.10.2/junit-jupiter-params-5.10.2.jar:"/>
    <property name="java.vm.vendor" value="Homebrew"/>
    <property name="sun.arch.data.model" value="64"/>
    <property name="java.vendor.url" value="https://github.com/Homebrew/homebrew-core/issues"/>
    <property name="os.name" value="Mac OS X"/>
    <property name="java.vm.specification.version" value="21"/>
    <property name="sun.java.launcher" value="SUN_STANDARD"/>
    <property name="user.country" value="US"/>
    <property name="sun.boot.library.path" value="/usr/local/Cellar/openjdk/21.0.2/libexec/openjdk.jdk/Contents/Home/lib"/>
    <property name="sun.java.command" value="/Users/nur/Desktop/Software Testing and Debugging/TW/TW2/TW2-FizzBuzzProcessor/target/surefire/surefirebooter-20240529203330036_3.jar /Users/nur/Desktop/Software Testing and Debugging/TW/TW2/TW2-FizzBuzzProcessor/target/surefire 2024-05-29T20-33-29_786-jvmRun1 surefire-20240529203330036_1tmp surefire_0-20240529203330036_2tmp"/>
    <property name="http.nonProxyHosts" value="local|*.local|169.254/16|*.169.254/16"/>
    <property name="jdk.debug" value="release"/>
    <property name="surefire.test.class.path" value="/Users/nur/Desktop/Software Testing and Debugging/TW/TW2/TW2-FizzBuzzProcessor/target/test-classes:/Users/nur/Desktop/Software Testing and Debugging/TW/TW2/TW2-FizzBuzzProcessor/target/classes:/Users/nur/.m2/repository/org/junit/jupiter/junit-jupiter-api/5.10.2/junit-jupiter-api-5.10.2.jar:/Users/nur/.m2/repository/org/opentest4j/opentest4j/1.3.0/opentest4j-1.3.0.jar:/Users/nur/.m2/repository/org/junit/platform/junit-platform-commons/1.10.2/junit-platform-commons-1.10.2.jar:/Users/nur/.m2/repository/org/apiguardian/apiguardian-api/1.1.2/apiguardian-api-1.1.2.jar:/Users/nur/.m2/repository/org/junit/jupiter/junit-jupiter-params/5.10.2/junit-jupiter-params-5.10.2.jar:"/>
    <property name="sun.cpu.endian" value="little"/>
    <property name="user.home" value="/Users/nur"/>
    <property name="user.language" value="en"/>
    <property name="java.specification.vendor" value="Oracle Corporation"/>
    <property name="java.version.date" value="2024-01-16"/>
    <property name="java.home" value="/usr/local/Cellar/openjdk/21.0.2/libexec/openjdk.jdk/Contents/Home"/>
    <property name="file.separator" value="/"/>
    <property name="basedir" value="/Users/nur/Desktop/Software Testing and Debugging/TW/TW2/TW2-FizzBuzzProcessor"/>
    <property name="java.vm.compressedOopsMode" value="Zero based"/>
    <property name="line.separator" value="&#10;"/>
    <property name="java.vm.specification.vendor" value="Oracle Corporation"/>
    <property name="java.specification.name" value="Java Platform API Specification"/>
    <property name="apple.awt.application.name" value="ForkedBooter"/>
    <property name="surefire.real.class.path" value="/Users/nur/Desktop/Software Testing and Debugging/TW/TW2/TW2-FizzBuzzProcessor/target/surefire/surefirebooter-20240529203330036_3.jar"/>
    <property name="sun.management.compiler" value="HotSpot 64-Bit Tiered Compilers"/>
    <property name="ftp.nonProxyHosts" value="local|*.local|169.254/16|*.169.254/16"/>
    <property name="java.runtime.version" value="21.0.2"/>
    <property name="user.name" value="nur"/>
    <property name="stdout.encoding" value="UTF-8"/>
    <property name="path.separator" value=":"/>
    <property name="os.version" value="14.2.1"/>
    <property name="java.runtime.name" value="OpenJDK Runtime Environment"/>
    <property name="file.encoding" value="UTF-8"/>
    <property name="java.vm.name" value="OpenJDK 64-Bit Server VM"/>
    <property name="java.vendor.version" value="Homebrew"/>
    <property name="localRepository" value="/Users/nur/.m2/repository"/>
    <property name="java.vendor.url.bug" value="https://github.com/Homebrew/homebrew-core/issues"/>
    <property name="java.io.tmpdir" value="/var/folders/29/3p4h_w4j4l39fbzznw50br5w0000gp/T/"/>
    <property name="java.version" value="21.0.2"/>
    <property name="user.dir" value="/Users/nur/Desktop/Software Testing and Debugging/TW/TW2/TW2-FizzBuzzProcessor"/>
    <property name="os.arch" value="x86_64"/>
    <property name="java.vm.specification.name" value="Java Virtual Machine Specification"/>
    <property name="native.encoding" value="UTF-8"/>
    <property name="java.library.path" value="/Users/nur/Library/Java/Extensions:/Library/Java/Extensions:/Network/Library/Java/Extensions:/System/Library/Java/Extensions:/usr/lib/java:."/>
    <property name="java.vm.info" value="mixed mode, sharing"/>
    <property name="stderr.encoding" value="UTF-8"/>
    <property name="java.vendor" value="Homebrew"/>
    <property name="java.vm.version" value="21.0.2"/>
    <property name="sun.io.unicode.encoding" value="UnicodeBig"/>
    <property name="socksNonProxyHosts" value="local|*.local|169.254/16|*.169.254/16"/>
    <property name="java.class.version" value="65.0"/>
  </properties>
  <testcase name="FizzBuzz_NullPoint_Test" classname="com.example.FizzBuzzProcessorTest" time="0.073">
    <system-out><![CDATA[1
2
Fizz
4
Buzz
Fizz
7
8
Fizz
Buzz
11
Fizz
13
14
FizzBuzz
16
17
Fizz
19
Buzz
Fizz
22
23
Fizz
Buzz
26
Fizz
28
29
FizzBuzz
31
32
Fizz
34
Buzz
Fizz
37
38
Fizz
Buzz
41
Fizz
43
44
FizzBuzz
46
47
Fizz
49
Buzz
Fizz
52
53
Fizz
Buzz
56
Fizz
58
59
FizzBuzz
61
62
Fizz
64
Buzz
Fizz
67
68
Fizz
Buzz
71
Fizz
73
74
FizzBuzz
76
77
Fizz
79
Buzz
Fizz
82
83
Fizz
Buzz
86
Fizz
88
89
FizzBuzz
91
92
Fizz
94
Buzz
Fizz
97
98
Fizz
Buzz
]]></system-out>
  </testcase>
  <testcase name="FizzBuzz_3_expectFizz" classname="com.example.FizzBuzzProcessorTest" time="0.008"/>
  <testcase name="FizzBuzz_5_expectBuzz" classname="com.example.FizzBuzzProcessorTest" time="0.002"/>
  <testcase name="FizzBuzz_NormalCaseNumbers_expectEchoOfNumber" classname="com.example.FizzBuzzProcessorTest" time="0.019">
    <system-out><![CDATA[  fb.convert(1) = 1
  fb.convert(2) = 2
]]></system-out>
  </testcase>
  <testcase name="FizzBuzz_parameterized_test(int, String)[1]" classname="com.example.FizzBuzzProcessorTest" time="0.04"/>
  <testcase name="FizzBuzz_parameterized_test(int, String)[2]" classname="com.example.FizzBuzzProcessorTest" time="0.006"/>
  <testcase name="FizzBuzz_parameterized_test(int, String)[3]" classname="com.example.FizzBuzzProcessorTest" time="0.001"/>
  <testcase name="FizzBuzz_parameterized_test(int, String)[4]" classname="com.example.FizzBuzzProcessorTest" time="0.003"/>
  <testcase name="FizzBuzz_parameterized_test(int, String)[5]" classname="com.example.FizzBuzzProcessorTest" time="0.002"/>
  <testcase name="FizzBuzz_parameterized_test(int, String)[6]" classname="com.example.FizzBuzzProcessorTest" time="0.001"/>
  <testcase name="FizzBuzz_parameterized_test(int, String)[7]" classname="com.example.FizzBuzzProcessorTest" time="0.003"/>
  <testcase name="FizzBuzz_parameterized_test(int, String)[8]" classname="com.example.FizzBuzzProcessorTest" time="0.002"/>
  <testcase name="FizzBuzz_parameterized_test(int, String)[9]" classname="com.example.FizzBuzzProcessorTest" time="0.001"/>
  <testcase name="FizzBuzz_parameterized_test(int, String)[10]" classname="com.example.FizzBuzzProcessorTest" time="0.002"/>
  <testcase name="FizzBuzz_parameterized_test(int, String)[11]" classname="com.example.FizzBuzzProcessorTest" time="0.003"/>
  <testcase name="FizzBuzz_parameterized_test(int, String)[12]" classname="com.example.FizzBuzzProcessorTest" time="0.011"/>
  <testcase name="FizzBuzz_parameterized_test(int, String)[13]" classname="com.example.FizzBuzzProcessorTest" time="0.001"/>
  <testcase name="FizzBuzz_15_expectFizzBuzz" classname="com.example.FizzBuzzProcessorTest" time="0.002"/>
  <testcase name="convert_expectedException(int)[1]" classname="com.example.FizzBuzzProcessorTest" time="0.007"/>
  <testcase name="convert_expectedException(int)[2]" classname="com.example.FizzBuzzProcessorTest" time="0.001"/>
  <testcase name="convert_expectedException(int)[3]" classname="com.example.FizzBuzzProcessorTest" time="0.001"/>
</testsuite>